WARNING: Failed to find function "__sanitizer_acquire_crash_state".
WARNING: Failed to find function "__sanitizer_print_stack_trace".
WARNING: Failed to find function "__sanitizer_set_death_callback".
INFO: Running with entropic power schedule (0xFF, 100).
INFO: Seed: 85362448
MERGE-OUTER: 52929 files, 0 in the initial corpus, 0 processed earlier
MERGE-OUTER: attempt 1
WARNING: Failed to find function "__sanitizer_acquire_crash_state".
WARNING: Failed to find function "__sanitizer_print_stack_trace".
WARNING: Failed to find function "__sanitizer_set_death_callback".
INFO: Running with entropic power schedule (0xFF, 100).
INFO: Seed: 85646517
INFO: -max_len is not provided; libFuzzer will not generate inputs larger than 1048576 bytes
MERGE-INNER: using the control file '/tmp/libFuzzerTemp.Merge670.txt'
MERGE-INNER: 52929 total files; 0 processed earlier; will process 52929 files now
#1	pulse  exec/s: 0 rss: 35Mb
#2	pulse  exec/s: 0 rss: 35Mb
#4	pulse  exec/s: 0 rss: 35Mb
#8	pulse  exec/s: 0 rss: 35Mb
#16	pulse  exec/s: 0 rss: 35Mb
#32	pulse  exec/s: 0 rss: 35Mb
#64	pulse  exec/s: 0 rss: 35Mb
#128	pulse  exec/s: 0 rss: 35Mb
#256	pulse  exec/s: 0 rss: 35Mb
#512	pulse  exec/s: 0 rss: 35Mb
#1024	pulse  exec/s: 0 rss: 35Mb
#2048	pulse  exec/s: 0 rss: 35Mb
#4096	pulse  exec/s: 0 rss: 35Mb
#8192	pulse  exec/s: 8192 rss: 35Mb
#16384	pulse  exec/s: 8192 rss: 35Mb
#32768	pulse  exec/s: 6553 rss: 36Mb
#52929	DONE   exec/s: 1556 rss: 36Mb
MERGE-OUTER: successful in 1 attempt(s)
MERGE-OUTER: the control file has 6141258 bytes
MERGE-OUTER: consumed 4Mb (41Mb rss) to parse the control file
MERGE-OUTER: 0 new files with 0 new features added; 0 new coverage edges
