WARNING: Failed to find function "__sanitizer_acquire_crash_state".
WARNING: Failed to find function "__sanitizer_print_stack_trace".
WARNING: Failed to find function "__sanitizer_set_death_callback".
INFO: Running with entropic power schedule (0xFF, 100).
INFO: Seed: 2732337469
MERGE-OUTER: 31870 files, 0 in the initial corpus, 0 processed earlier
MERGE-OUTER: attempt 1
WARNING: Failed to find function "__sanitizer_acquire_crash_state".
WARNING: Failed to find function "__sanitizer_print_stack_trace".
WARNING: Failed to find function "__sanitizer_set_death_callback".
INFO: Running with entropic power schedule (0xFF, 100).
INFO: Seed: 2732714337
INFO: -max_len is not provided; libFuzzer will not generate inputs larger than 1048576 bytes
MERGE-INNER: using the control file '/tmp/libFuzzerTemp.Merge624.txt'
MERGE-INNER: 31870 total files; 0 processed earlier; will process 31870 files now
#1	pulse  exec/s: 0 rss: 32Mb
#2	pulse  exec/s: 0 rss: 32Mb
#4	pulse  exec/s: 0 rss: 32Mb
#8	pulse  exec/s: 0 rss: 32Mb
#16	pulse  exec/s: 0 rss: 32Mb
#32	pulse  exec/s: 0 rss: 32Mb
#64	pulse  exec/s: 0 rss: 32Mb
#128	pulse  exec/s: 0 rss: 32Mb
#256	pulse  exec/s: 0 rss: 32Mb
#512	pulse  exec/s: 0 rss: 32Mb
#1024	pulse  exec/s: 0 rss: 32Mb
#2048	pulse  exec/s: 0 rss: 32Mb
#4096	pulse  exec/s: 4096 rss: 32Mb
#8192	pulse  exec/s: 4096 rss: 32Mb
#16384	pulse  exec/s: 2730 rss: 33Mb
#31870	DONE   exec/s: 379 rss: 36Mb
MERGE-OUTER: successful in 1 attempt(s)
MERGE-OUTER: the control file has 3727139 bytes
MERGE-OUTER: consumed 2Mb (36Mb rss) to parse the control file
MERGE-OUTER: 0 new files with 0 new features added; 0 new coverage edges
