WARNING: Failed to find function "__sanitizer_acquire_crash_state".
WARNING: Failed to find function "__sanitizer_print_stack_trace".
WARNING: Failed to find function "__sanitizer_set_death_callback".
INFO: Running with entropic power schedule (0xFF, 100).
INFO: Seed: 2121702209
MERGE-OUTER: 13048 files, 0 in the initial corpus, 0 processed earlier
MERGE-OUTER: attempt 1
WARNING: Failed to find function "__sanitizer_acquire_crash_state".
WARNING: Failed to find function "__sanitizer_print_stack_trace".
WARNING: Failed to find function "__sanitizer_set_death_callback".
INFO: Running with entropic power schedule (0xFF, 100).
INFO: Seed: 2121797018
INFO: -max_len is not provided; libFuzzer will not generate inputs larger than 1048576 bytes
MERGE-INNER: using the control file '/tmp/libFuzzerTemp.Merge759.txt'
MERGE-INNER: 13048 total files; 0 processed earlier; will process 13048 files now
#1	pulse  exec/s: 0 rss: 28Mb
#2	pulse  exec/s: 0 rss: 28Mb
#4	pulse  exec/s: 0 rss: 28Mb
#8	pulse  exec/s: 0 rss: 28Mb
#16	pulse  exec/s: 0 rss: 29Mb
#32	pulse  exec/s: 0 rss: 29Mb
#64	pulse  exec/s: 0 rss: 29Mb
#128	pulse  exec/s: 0 rss: 29Mb
#256	pulse  exec/s: 0 rss: 29Mb
#512	pulse  exec/s: 0 rss: 29Mb
#1024	pulse  exec/s: 0 rss: 29Mb
#2048	pulse  exec/s: 0 rss: 29Mb
#4096	pulse  exec/s: 0 rss: 29Mb
#8192	pulse  exec/s: 0 rss: 29Mb
#13048	DONE   exec/s: 6524 rss: 31Mb
MERGE-OUTER: successful in 1 attempt(s)
MERGE-OUTER: the control file has 1663449 bytes
MERGE-OUTER: consumed 0Mb (30Mb rss) to parse the control file
MERGE-OUTER: 0 new files with 0 new features added; 0 new coverage edges
