WARNING: Failed to find function "__sanitizer_acquire_crash_state".
WARNING: Failed to find function "__sanitizer_print_stack_trace".
WARNING: Failed to find function "__sanitizer_set_death_callback".
INFO: Running with entropic power schedule (0xFF, 100).
INFO: Seed: 627868892
MERGE-OUTER: 6625 files, 0 in the initial corpus, 0 processed earlier
MERGE-OUTER: attempt 1
WARNING: Failed to find function "__sanitizer_acquire_crash_state".
WARNING: Failed to find function "__sanitizer_print_stack_trace".
WARNING: Failed to find function "__sanitizer_set_death_callback".
INFO: Running with entropic power schedule (0xFF, 100).
INFO: Seed: 627908520
INFO: -max_len is not provided; libFuzzer will not generate inputs larger than 1048576 bytes
MERGE-INNER: using the control file '/tmp/libFuzzerTemp.Merge623.txt'
MERGE-INNER: 6625 total files; 0 processed earlier; will process 6625 files now
#1	pulse  exec/s: 0 rss: 28Mb
#2	pulse  exec/s: 0 rss: 28Mb
#4	pulse  exec/s: 0 rss: 28Mb
#8	pulse  exec/s: 0 rss: 28Mb
#16	pulse  exec/s: 0 rss: 28Mb
#32	pulse  exec/s: 0 rss: 28Mb
#64	pulse  exec/s: 0 rss: 28Mb
#128	pulse  exec/s: 0 rss: 28Mb
#256	pulse  exec/s: 0 rss: 28Mb
#512	pulse  exec/s: 0 rss: 28Mb
#1024	pulse  exec/s: 0 rss: 28Mb
#2048	pulse  exec/s: 0 rss: 28Mb
#4096	pulse  exec/s: 2048 rss: 29Mb
#6625	DONE   exec/s: 288 rss: 31Mb
MERGE-OUTER: successful in 1 attempt(s)
MERGE-OUTER: the control file has 736291 bytes
MERGE-OUTER: consumed 0Mb (28Mb rss) to parse the control file
MERGE-OUTER: 0 new files with 0 new features added; 0 new coverage edges
